2025-04-27T00:31:49.620+05:30  INFO 13228 --- [CommerceHub] [SpringApplicationShutdownHook] o.s.b.w.e.tomcat.GracefulShutdown        : Commencing graceful shutdown. Waiting for active requests to complete
2025-04-27T00:31:50.026+05:30  INFO 13228 --- [CommerceHub] [tomcat-shutdown] o.s.b.w.e.tomcat.GracefulShutdown        : Graceful shutdown complete
2025-04-27T00:31:50.487+05:30  INFO 13228 --- [CommerceHub] [SpringApplicationShutdownHook] j.LocalContainerEntityManagerFactoryBean : Closing JPA EntityManagerFactory for persistence unit 'default'
2025-04-27T00:31:50.545+05:30  INFO 13228 --- [CommerceHub] [SpringApplicationShutdownHook] com.zaxxer.hikari.HikariDataSource       : HikariPool-1 - Shutdown initiated...
2025-04-27T00:31:50.581+05:30  INFO 13228 --- [CommerceHub] [SpringApplicationShutdownHook] com.zaxxer.hikari.HikariDataSource       : HikariPool-1 - Shutdown completed.
2025-04-27T00:32:00.075+05:30  INFO 19184 --- [CommerceHub] [main] c.k.commercehub.CommerceHubApplication   : Starting CommerceHubApplication using Java 21.0.2 with PID 19184 (C:\Users\HP\IdeaProjects\CommerceHub\target\classes started by HP in C:\Users\HP\IdeaProjects\CommerceHub)
2025-04-27T00:32:00.079+05:30  INFO 19184 --- [CommerceHub] [main] c.k.commercehub.CommerceHubApplication   : No active profile set, falling back to 1 default profile: "default"
2025-04-27T00:32:01.978+05:30  INFO 19184 --- [CommerceHub] [main] .s.d.r.c.RepositoryConfigurationDelegate : Bootstrapping Spring Data JPA repositories in DEFAULT mode.
2025-04-27T00:32:02.094+05:30  INFO 19184 --- [CommerceHub] [main] .s.d.r.c.RepositoryConfigurationDelegate : Finished Spring Data repository scanning in 100 ms. Found 5 JPA repository interfaces.
2025-04-27T00:32:03.132+05:30  INFO 19184 --- [CommerceHub] [main] o.s.b.w.embedded.tomcat.TomcatWebServer  : Tomcat initialized with port 8092 (http)
2025-04-27T00:32:03.152+05:30  INFO 19184 --- [CommerceHub] [main] o.apache.catalina.core.StandardService   : Starting service [Tomcat]
2025-04-27T00:32:03.152+05:30  INFO 19184 --- [CommerceHub] [main] o.apache.catalina.core.StandardEngine    : Starting Servlet engine: [Apache Tomcat/10.1.36]
2025-04-27T00:32:03.247+05:30  INFO 19184 --- [CommerceHub] [main] o.a.c.c.C.[Tomcat].[localhost].[/]       : Initializing Spring embedded WebApplicationContext
2025-04-27T00:32:03.248+05:30  INFO 19184 --- [CommerceHub] [main] w.s.c.ServletWebServerApplicationContext : Root WebApplicationContext: initialization completed in 3082 ms
2025-04-27T00:32:03.511+05:30  INFO 19184 --- [CommerceHub] [main] o.hibernate.jpa.internal.util.LogHelper  : HHH000204: Processing PersistenceUnitInfo [name: default]
2025-04-27T00:32:03.631+05:30  INFO 19184 --- [CommerceHub] [main] org.hibernate.Version                    : HHH000412: Hibernate ORM core version 6.6.8.Final
2025-04-27T00:32:03.695+05:30  INFO 19184 --- [CommerceHub] [main] o.h.c.internal.RegionFactoryInitiator    : HHH000026: Second-level cache disabled
2025-04-27T00:32:04.155+05:30  INFO 19184 --- [CommerceHub] [main] o.s.o.j.p.SpringPersistenceUnitInfo      : No LoadTimeWeaver setup: ignoring JPA class transformer
2025-04-27T00:32:04.204+05:30  INFO 19184 --- [CommerceHub] [main] com.zaxxer.hikari.HikariDataSource       : HikariPool-1 - Starting...
2025-04-27T00:32:04.598+05:30  INFO 19184 --- [CommerceHub] [main] com.zaxxer.hikari.pool.HikariPool        : HikariPool-1 - Added connection org.postgresql.jdbc.PgConnection@fd87c22
2025-04-27T00:32:04.600+05:30  INFO 19184 --- [CommerceHub] [main] com.zaxxer.hikari.HikariDataSource       : HikariPool-1 - Start completed.
2025-04-27T00:32:04.655+05:30  WARN 19184 --- [CommerceHub] [main] org.hibernate.orm.deprecation            : HHH90000025: PostgreSQLDialect does not need to be specified explicitly using 'hibernate.dialect' (remove the property setting and it will be selected by default)
2025-04-27T00:32:04.681+05:30  INFO 19184 --- [CommerceHub] [main] org.hibernate.orm.connections.pooling    : HHH10001005: Database info:
	Database JDBC URL [Connecting through datasource 'HikariDataSource (HikariPool-1)']
	Database driver: undefined/unknown
	Database version: 16.3
	Autocommit mode: undefined/unknown
	Isolation level: undefined/unknown
	Minimum pool size: undefined/unknown
	Maximum pool size: undefined/unknown
2025-04-27T00:32:06.321+05:30  INFO 19184 --- [CommerceHub] [main] o.h.e.t.j.p.i.JtaPlatformInitiator       : HHH000489: No JTA platform available (set 'hibernate.transaction.jta.platform' to enable JTA platform integration)
2025-04-27T00:32:06.481+05:30  INFO 19184 --- [CommerceHub] [main] j.LocalContainerEntityManagerFactoryBean : Initialized JPA EntityManagerFactory for persistence unit 'default'
2025-04-27T00:32:07.162+05:30  WARN 19184 --- [CommerceHub] [main] JpaBaseConfiguration$JpaWebConfiguration : spring.jpa.open-in-view is enabled by default. Therefore, database queries may be performed during view rendering. Explicitly configure spring.jpa.open-in-view to disable this warning
2025-04-27T00:32:07.528+05:30  INFO 19184 --- [CommerceHub] [main] eAuthenticationProviderManagerConfigurer : Global AuthenticationManager configured with AuthenticationProvider bean with name authenticationProvider
2025-04-27T00:32:07.529+05:30  WARN 19184 --- [CommerceHub] [main] r$InitializeUserDetailsManagerConfigurer : Global AuthenticationManager configured with an AuthenticationProvider bean. UserDetailsService beans will not be used by Spring Security for automatically configuring username/password login. Consider removing the AuthenticationProvider bean. Alternatively, consider using the UserDetailsService in a manually instantiated DaoAuthenticationProvider. If the current configuration is intentional, to turn off this warning, increase the logging level of 'org.springframework.security.config.annotation.authentication.configuration.InitializeUserDetailsBeanManagerConfigurer' to ERROR
2025-04-27T00:32:08.582+05:30  INFO 19184 --- [CommerceHub] [main] o.s.d.j.r.query.QueryEnhancerFactory     : Hibernate is in classpath; If applicable, HQL parser will be used.
2025-04-27T00:32:10.047+05:30 DEBUG 19184 --- [CommerceHub] [main] o.s.s.web.DefaultSecurityFilterChain     : Will secure any request with filters: DisableEncodeUrlFilter, WebAsyncManagerIntegrationFilter, SecurityContextHolderFilter, HeaderWriterFilter, LogoutFilter, CorsFilter, JwtAuthenticationFilter, RequestCacheAwareFilter, SecurityContextHolderAwareRequestFilter, AnonymousAuthenticationFilter, SessionManagementFilter, ExceptionTranslationFilter, AuthorizationFilter
2025-04-27T00:32:10.600+05:30  INFO 19184 --- [CommerceHub] [main] o.s.b.w.embedded.tomcat.TomcatWebServer  : Tomcat started on port 8092 (http) with context path '/'
2025-04-27T00:32:10.615+05:30  INFO 19184 --- [CommerceHub] [main] c.k.commercehub.CommerceHubApplication   : Started CommerceHubApplication in 11.401 seconds (process running for 12.197)
2025-04-27T00:32:23.542+05:30  INFO 19184 --- [CommerceHub] [http-nio-8092-exec-1] o.a.c.c.C.[Tomcat].[localhost].[/]       : Initializing Spring DispatcherServlet 'dispatcherServlet'
2025-04-27T00:32:23.542+05:30  INFO 19184 --- [CommerceHub] [http-nio-8092-exec-1] o.s.web.servlet.DispatcherServlet        : Initializing Servlet 'dispatcherServlet'
2025-04-27T00:32:23.544+05:30  INFO 19184 --- [CommerceHub] [http-nio-8092-exec-1] o.s.web.servlet.DispatcherServlet        : Completed initialization in 1 ms
2025-04-27T00:32:23.570+05:30 DEBUG 19184 --- [CommerceHub] [http-nio-8092-exec-1] o.s.security.web.FilterChainProxy        : Securing GET /swagger-ui/index.html
2025-04-27T00:32:23.583+05:30 DEBUG 19184 --- [CommerceHub] [http-nio-8092-exec-1] o.s.s.w.a.AnonymousAuthenticationFilter  : Set SecurityContextHolder to anonymous SecurityContext
2025-04-27T00:32:23.585+05:30 DEBUG 19184 --- [CommerceHub] [http-nio-8092-exec-1] o.s.security.web.FilterChainProxy        : Secured GET /swagger-ui/index.html
2025-04-27T00:32:23.659+05:30 DEBUG 19184 --- [CommerceHub] [http-nio-8092-exec-7] o.s.security.web.FilterChainProxy        : Securing GET /swagger-ui/swagger-initializer.js
2025-04-27T00:32:23.659+05:30 DEBUG 19184 --- [CommerceHub] [http-nio-8092-exec-4] o.s.security.web.FilterChainProxy        : Securing GET /swagger-ui/swagger-ui-standalone-preset.js
2025-04-27T00:32:23.659+05:30 DEBUG 19184 --- [CommerceHub] [http-nio-8092-exec-2] o.s.security.web.FilterChainProxy        : Securing GET /swagger-ui/swagger-ui.css
2025-04-27T00:32:23.659+05:30 DEBUG 19184 --- [CommerceHub] [http-nio-8092-exec-5] o.s.security.web.FilterChainProxy        : Securing GET /swagger-ui/swagger-ui-bundle.js
2025-04-27T00:32:23.659+05:30 DEBUG 19184 --- [CommerceHub] [http-nio-8092-exec-3] o.s.security.web.FilterChainProxy        : Securing GET /swagger-ui/index.css
2025-04-27T00:32:23.660+05:30 DEBUG 19184 --- [CommerceHub] [http-nio-8092-exec-2] o.s.s.w.a.AnonymousAuthenticationFilter  : Set SecurityContextHolder to anonymous SecurityContext
2025-04-27T00:32:23.660+05:30 DEBUG 19184 --- [CommerceHub] [http-nio-8092-exec-3] o.s.s.w.a.AnonymousAuthenticationFilter  : Set SecurityContextHolder to anonymous SecurityContext
2025-04-27T00:32:23.660+05:30 DEBUG 19184 --- [CommerceHub] [http-nio-8092-exec-7] o.s.s.w.a.AnonymousAuthenticationFilter  : Set SecurityContextHolder to anonymous SecurityContext
2025-04-27T00:32:23.660+05:30 DEBUG 19184 --- [CommerceHub] [http-nio-8092-exec-4] o.s.s.w.a.AnonymousAuthenticationFilter  : Set SecurityContextHolder to anonymous SecurityContext
2025-04-27T00:32:23.660+05:30 DEBUG 19184 --- [CommerceHub] [http-nio-8092-exec-5] o.s.s.w.a.AnonymousAuthenticationFilter  : Set SecurityContextHolder to anonymous SecurityContext
2025-04-27T00:32:23.661+05:30 DEBUG 19184 --- [CommerceHub] [http-nio-8092-exec-4] o.s.security.web.FilterChainProxy        : Secured GET /swagger-ui/swagger-ui-standalone-preset.js
2025-04-27T00:32:23.661+05:30 DEBUG 19184 --- [CommerceHub] [http-nio-8092-exec-2] o.s.security.web.FilterChainProxy        : Secured GET /swagger-ui/swagger-ui.css
2025-04-27T00:32:23.661+05:30 DEBUG 19184 --- [CommerceHub] [http-nio-8092-exec-3] o.s.security.web.FilterChainProxy        : Secured GET /swagger-ui/index.css
2025-04-27T00:32:23.661+05:30 DEBUG 19184 --- [CommerceHub] [http-nio-8092-exec-5] o.s.security.web.FilterChainProxy        : Secured GET /swagger-ui/swagger-ui-bundle.js
2025-04-27T00:32:23.661+05:30 DEBUG 19184 --- [CommerceHub] [http-nio-8092-exec-7] o.s.security.web.FilterChainProxy        : Secured GET /swagger-ui/swagger-initializer.js
2025-04-27T00:32:23.969+05:30 DEBUG 19184 --- [CommerceHub] [http-nio-8092-exec-8] o.s.security.web.FilterChainProxy        : Securing GET /v3/api-docs/swagger-config
2025-04-27T00:32:23.971+05:30 DEBUG 19184 --- [CommerceHub] [http-nio-8092-exec-8] o.s.s.w.a.AnonymousAuthenticationFilter  : Set SecurityContextHolder to anonymous SecurityContext
2025-04-27T00:32:23.972+05:30 DEBUG 19184 --- [CommerceHub] [http-nio-8092-exec-8] o.s.security.web.FilterChainProxy        : Secured GET /v3/api-docs/swagger-config
2025-04-27T00:32:24.266+05:30 DEBUG 19184 --- [CommerceHub] [http-nio-8092-exec-9] o.s.security.web.FilterChainProxy        : Securing GET /v3/api-docs
2025-04-27T00:32:24.268+05:30 DEBUG 19184 --- [CommerceHub] [http-nio-8092-exec-9] o.s.s.w.a.AnonymousAuthenticationFilter  : Set SecurityContextHolder to anonymous SecurityContext
2025-04-27T00:32:24.268+05:30 DEBUG 19184 --- [CommerceHub] [http-nio-8092-exec-9] o.s.security.web.FilterChainProxy        : Secured GET /v3/api-docs
2025-04-27T00:32:25.255+05:30  INFO 19184 --- [CommerceHub] [http-nio-8092-exec-9] o.springdoc.api.AbstractOpenApiResource  : Init duration for springdoc-openapi is: 958 ms
2025-04-27T00:32:39.347+05:30 DEBUG 19184 --- [CommerceHub] [http-nio-8092-exec-4] o.s.security.web.FilterChainProxy        : Securing GET /swagger-ui/index.html
2025-04-27T00:32:39.348+05:30 DEBUG 19184 --- [CommerceHub] [http-nio-8092-exec-4] o.s.s.w.a.AnonymousAuthenticationFilter  : Set SecurityContextHolder to anonymous SecurityContext
2025-04-27T00:32:39.349+05:30 DEBUG 19184 --- [CommerceHub] [http-nio-8092-exec-4] o.s.security.web.FilterChainProxy        : Secured GET /swagger-ui/index.html
2025-04-27T00:32:39.389+05:30 DEBUG 19184 --- [CommerceHub] [http-nio-8092-exec-7] o.s.security.web.FilterChainProxy        : Securing GET /swagger-ui/index.css
2025-04-27T00:32:39.391+05:30 DEBUG 19184 --- [CommerceHub] [http-nio-8092-exec-5] o.s.security.web.FilterChainProxy        : Securing GET /swagger-ui/swagger-ui.css
2025-04-27T00:32:39.391+05:30 DEBUG 19184 --- [CommerceHub] [http-nio-8092-exec-7] o.s.s.w.a.AnonymousAuthenticationFilter  : Set SecurityContextHolder to anonymous SecurityContext
2025-04-27T00:32:39.392+05:30 DEBUG 19184 --- [CommerceHub] [http-nio-8092-exec-5] o.s.s.w.a.AnonymousAuthenticationFilter  : Set SecurityContextHolder to anonymous SecurityContext
2025-04-27T00:32:39.392+05:30 DEBUG 19184 --- [CommerceHub] [http-nio-8092-exec-7] o.s.security.web.FilterChainProxy        : Secured GET /swagger-ui/index.css
2025-04-27T00:32:39.392+05:30 DEBUG 19184 --- [CommerceHub] [http-nio-8092-exec-5] o.s.security.web.FilterChainProxy        : Secured GET /swagger-ui/swagger-ui.css
2025-04-27T00:32:39.394+05:30 DEBUG 19184 --- [CommerceHub] [http-nio-8092-exec-9] o.s.security.web.FilterChainProxy        : Securing GET /swagger-ui/swagger-ui-standalone-preset.js
2025-04-27T00:32:39.394+05:30 DEBUG 19184 --- [CommerceHub] [http-nio-8092-exec-8] o.s.security.web.FilterChainProxy        : Securing GET /swagger-ui/swagger-ui-bundle.js
2025-04-27T00:32:39.394+05:30 DEBUG 19184 --- [CommerceHub] [http-nio-8092-exec-1] o.s.security.web.FilterChainProxy        : Securing GET /swagger-ui/swagger-initializer.js
2025-04-27T00:32:39.395+05:30 DEBUG 19184 --- [CommerceHub] [http-nio-8092-exec-9] o.s.s.w.a.AnonymousAuthenticationFilter  : Set SecurityContextHolder to anonymous SecurityContext
2025-04-27T00:32:39.395+05:30 DEBUG 19184 --- [CommerceHub] [http-nio-8092-exec-8] o.s.s.w.a.AnonymousAuthenticationFilter  : Set SecurityContextHolder to anonymous SecurityContext
2025-04-27T00:32:39.395+05:30 DEBUG 19184 --- [CommerceHub] [http-nio-8092-exec-9] o.s.security.web.FilterChainProxy        : Secured GET /swagger-ui/swagger-ui-standalone-preset.js
2025-04-27T00:32:39.395+05:30 DEBUG 19184 --- [CommerceHub] [http-nio-8092-exec-1] o.s.s.w.a.AnonymousAuthenticationFilter  : Set SecurityContextHolder to anonymous SecurityContext
2025-04-27T00:32:39.395+05:30 DEBUG 19184 --- [CommerceHub] [http-nio-8092-exec-8] o.s.security.web.FilterChainProxy        : Secured GET /swagger-ui/swagger-ui-bundle.js
2025-04-27T00:32:39.396+05:30 DEBUG 19184 --- [CommerceHub] [http-nio-8092-exec-1] o.s.security.web.FilterChainProxy        : Secured GET /swagger-ui/swagger-initializer.js
2025-04-27T00:32:39.544+05:30 DEBUG 19184 --- [CommerceHub] [http-nio-8092-exec-10] o.s.security.web.FilterChainProxy        : Securing GET /v3/api-docs/swagger-config
2025-04-27T00:32:39.545+05:30 DEBUG 19184 --- [CommerceHub] [http-nio-8092-exec-10] o.s.s.w.a.AnonymousAuthenticationFilter  : Set SecurityContextHolder to anonymous SecurityContext
2025-04-27T00:32:39.546+05:30 DEBUG 19184 --- [CommerceHub] [http-nio-8092-exec-10] o.s.security.web.FilterChainProxy        : Secured GET /v3/api-docs/swagger-config
2025-04-27T00:32:39.548+05:30 DEBUG 19184 --- [CommerceHub] [http-nio-8092-exec-3] o.s.security.web.FilterChainProxy        : Securing GET /swagger-ui/favicon-32x32.png
2025-04-27T00:32:39.550+05:30 DEBUG 19184 --- [CommerceHub] [http-nio-8092-exec-3] o.s.s.w.a.AnonymousAuthenticationFilter  : Set SecurityContextHolder to anonymous SecurityContext
2025-04-27T00:32:39.550+05:30 DEBUG 19184 --- [CommerceHub] [http-nio-8092-exec-3] o.s.security.web.FilterChainProxy        : Secured GET /swagger-ui/favicon-32x32.png
2025-04-27T00:32:39.573+05:30 DEBUG 19184 --- [CommerceHub] [http-nio-8092-exec-2] o.s.security.web.FilterChainProxy        : Securing GET /v3/api-docs
2025-04-27T00:32:39.575+05:30 DEBUG 19184 --- [CommerceHub] [http-nio-8092-exec-2] o.s.s.w.a.AnonymousAuthenticationFilter  : Set SecurityContextHolder to anonymous SecurityContext
2025-04-27T00:32:39.575+05:30 DEBUG 19184 --- [CommerceHub] [http-nio-8092-exec-2] o.s.security.web.FilterChainProxy        : Secured GET /v3/api-docs
2025-04-27T00:36:15.265+05:30 DEBUG 19184 --- [CommerceHub] [http-nio-8092-exec-9] o.s.security.web.FilterChainProxy        : Securing GET /product/v1/get/eaaa94cc-5010-4d53-baef-45bd8df9f0db
2025-04-27T00:36:15.265+05:30 DEBUG 19184 --- [CommerceHub] [http-nio-8092-exec-9] o.s.s.w.a.AnonymousAuthenticationFilter  : Set SecurityContextHolder to anonymous SecurityContext
2025-04-27T00:36:15.267+05:30 DEBUG 19184 --- [CommerceHub] [http-nio-8092-exec-9] o.s.security.web.FilterChainProxy        : Secured GET /product/v1/get/eaaa94cc-5010-4d53-baef-45bd8df9f0db
2025-04-27T00:36:15.269+05:30  INFO 19184 --- [CommerceHub] [http-nio-8092-exec-9] c.k.c.Product.service.GetProductService  : Get product by id: eaaa94cc-5010-4d53-baef-45bd8df9f0db
2025-04-27T00:36:15.442+05:30  INFO 19184 --- [CommerceHub] [http-nio-8092-exec-9] c.k.c.Product.service.GetProductService  : Product not found
2025-04-27T00:36:43.212+05:30 DEBUG 19184 --- [CommerceHub] [http-nio-8092-exec-3] o.s.security.web.FilterChainProxy        : Securing POST /product/v1/create
2025-04-27T00:36:43.366+05:30 DEBUG 19184 --- [CommerceHub] [http-nio-8092-exec-3] o.s.security.web.FilterChainProxy        : Secured POST /product/v1/create
2025-04-27T00:36:43.396+05:30  WARN 19184 --- [CommerceHub] [http-nio-8092-exec-3] .w.s.m.s.DefaultHandlerExceptionResolver : Resolved [org.springframework.web.multipart.support.MissingServletRequestPartException: Required part 'image' is not present.]
2025-04-27T00:36:43.406+05:30 DEBUG 19184 --- [CommerceHub] [http-nio-8092-exec-3] o.s.security.web.FilterChainProxy        : Securing POST /error
2025-04-27T00:36:43.407+05:30 DEBUG 19184 --- [CommerceHub] [http-nio-8092-exec-3] o.s.s.w.a.AnonymousAuthenticationFilter  : Set SecurityContextHolder to anonymous SecurityContext
2025-04-27T00:36:43.408+05:30 DEBUG 19184 --- [CommerceHub] [http-nio-8092-exec-3] o.s.s.w.a.Http403ForbiddenEntryPoint     : Pre-authenticated entry point called. Rejecting access
2025-04-27T00:36:51.564+05:30 DEBUG 19184 --- [CommerceHub] [http-nio-8092-exec-7] o.s.security.web.FilterChainProxy        : Securing GET /product/v1/All?limit=5
2025-04-27T00:36:51.565+05:30 DEBUG 19184 --- [CommerceHub] [http-nio-8092-exec-7] o.s.s.w.a.AnonymousAuthenticationFilter  : Set SecurityContextHolder to anonymous SecurityContext
2025-04-27T00:36:51.565+05:30 DEBUG 19184 --- [CommerceHub] [http-nio-8092-exec-7] o.s.security.web.FilterChainProxy        : Secured GET /product/v1/All?limit=5
2025-04-27T00:36:51.571+05:30  INFO 19184 --- [CommerceHub] [http-nio-8092-exec-7] c.k.c.Product.service.GetAllProducts     : getAllProducts called
2025-04-27T00:37:12.460+05:30 DEBUG 19184 --- [CommerceHub] [http-nio-8092-exec-4] o.s.security.web.FilterChainProxy        : Securing GET /product/v1/All?limit=5
2025-04-27T00:37:12.461+05:30 DEBUG 19184 --- [CommerceHub] [http-nio-8092-exec-4] o.s.s.w.a.AnonymousAuthenticationFilter  : Set SecurityContextHolder to anonymous SecurityContext
2025-04-27T00:37:12.462+05:30 DEBUG 19184 --- [CommerceHub] [http-nio-8092-exec-4] o.s.security.web.FilterChainProxy        : Secured GET /product/v1/All?limit=5
2025-04-27T00:37:29.497+05:30 DEBUG 19184 --- [CommerceHub] [http-nio-8092-exec-6] o.s.security.web.FilterChainProxy        : Securing GET /product/v1/get/99e6699c-012a-4c04-ae9e-c966f4483c10
2025-04-27T00:37:29.498+05:30 DEBUG 19184 --- [CommerceHub] [http-nio-8092-exec-6] o.s.s.w.a.AnonymousAuthenticationFilter  : Set SecurityContextHolder to anonymous SecurityContext
2025-04-27T00:37:29.498+05:30 DEBUG 19184 --- [CommerceHub] [http-nio-8092-exec-6] o.s.security.web.FilterChainProxy        : Secured GET /product/v1/get/99e6699c-012a-4c04-ae9e-c966f4483c10
2025-04-27T00:37:29.499+05:30  INFO 19184 --- [CommerceHub] [http-nio-8092-exec-6] c.k.c.Product.service.GetProductService  : Get product by id: 99e6699c-012a-4c04-ae9e-c966f4483c10
2025-04-27T00:38:53.409+05:30  INFO 19184 --- [CommerceHub] [SpringApplicationShutdownHook] o.s.b.w.e.tomcat.GracefulShutdown        : Commencing graceful shutdown. Waiting for active requests to complete
2025-04-27T00:38:53.467+05:30  INFO 19184 --- [CommerceHub] [tomcat-shutdown] o.s.b.w.e.tomcat.GracefulShutdown        : Graceful shutdown complete
2025-04-27T00:38:53.645+05:30  INFO 19184 --- [CommerceHub] [SpringApplicationShutdownHook] j.LocalContainerEntityManagerFactoryBean : Closing JPA EntityManagerFactory for persistence unit 'default'
2025-04-27T00:38:53.658+05:30  INFO 19184 --- [CommerceHub] [SpringApplicationShutdownHook] com.zaxxer.hikari.HikariDataSource       : HikariPool-1 - Shutdown initiated...
2025-04-27T00:38:53.669+05:30  INFO 19184 --- [CommerceHub] [SpringApplicationShutdownHook] com.zaxxer.hikari.HikariDataSource       : HikariPool-1 - Shutdown completed.
2025-04-27T00:38:59.715+05:30  INFO 10736 --- [CommerceHub] [main] c.k.commercehub.CommerceHubApplication   : Starting CommerceHubApplication using Java 21.0.2 with PID 10736 (C:\Users\HP\IdeaProjects\CommerceHub\target\classes started by HP in C:\Users\HP\IdeaProjects\CommerceHub)
2025-04-27T00:38:59.720+05:30  INFO 10736 --- [CommerceHub] [main] c.k.commercehub.CommerceHubApplication   : No active profile set, falling back to 1 default profile: "default"
2025-04-27T00:39:01.264+05:30  INFO 10736 --- [CommerceHub] [main] .s.d.r.c.RepositoryConfigurationDelegate : Bootstrapping Spring Data JPA repositories in DEFAULT mode.
2025-04-27T00:39:01.375+05:30  INFO 10736 --- [CommerceHub] [main] .s.d.r.c.RepositoryConfigurationDelegate : Finished Spring Data repository scanning in 97 ms. Found 5 JPA repository interfaces.
2025-04-27T00:39:02.606+05:30  INFO 10736 --- [CommerceHub] [main] o.s.b.w.embedded.tomcat.TomcatWebServer  : Tomcat initialized with port 8092 (http)
2025-04-27T00:39:02.646+05:30  INFO 10736 --- [CommerceHub] [main] o.apache.catalina.core.StandardService   : Starting service [Tomcat]
2025-04-27T00:39:02.647+05:30  INFO 10736 --- [CommerceHub] [main] o.apache.catalina.core.StandardEngine    : Starting Servlet engine: [Apache Tomcat/10.1.36]
2025-04-27T00:39:02.795+05:30  INFO 10736 --- [CommerceHub] [main] o.a.c.c.C.[Tomcat].[localhost].[/]       : Initializing Spring embedded WebApplicationContext
2025-04-27T00:39:02.796+05:30  INFO 10736 --- [CommerceHub] [main] w.s.c.ServletWebServerApplicationContext : Root WebApplicationContext: initialization completed in 3005 ms
2025-04-27T00:39:03.121+05:30  INFO 10736 --- [CommerceHub] [main] o.hibernate.jpa.internal.util.LogHelper  : HHH000204: Processing PersistenceUnitInfo [name: default]
2025-04-27T00:39:03.260+05:30  INFO 10736 --- [CommerceHub] [main] org.hibernate.Version                    : HHH000412: Hibernate ORM core version 6.6.8.Final
2025-04-27T00:39:03.339+05:30  INFO 10736 --- [CommerceHub] [main] o.h.c.internal.RegionFactoryInitiator    : HHH000026: Second-level cache disabled
2025-04-27T00:39:03.842+05:30  INFO 10736 --- [CommerceHub] [main] o.s.o.j.p.SpringPersistenceUnitInfo      : No LoadTimeWeaver setup: ignoring JPA class transformer
2025-04-27T00:39:03.898+05:30  INFO 10736 --- [CommerceHub] [main] com.zaxxer.hikari.HikariDataSource       : HikariPool-1 - Starting...
2025-04-27T00:39:04.251+05:30  INFO 10736 --- [CommerceHub] [main] com.zaxxer.hikari.pool.HikariPool        : HikariPool-1 - Added connection org.postgresql.jdbc.PgConnection@5d800a56
2025-04-27T00:39:04.253+05:30  INFO 10736 --- [CommerceHub] [main] com.zaxxer.hikari.HikariDataSource       : HikariPool-1 - Start completed.
2025-04-27T00:39:04.295+05:30  WARN 10736 --- [CommerceHub] [main] org.hibernate.orm.deprecation            : HHH90000025: PostgreSQLDialect does not need to be specified explicitly using 'hibernate.dialect' (remove the property setting and it will be selected by default)
2025-04-27T00:39:04.324+05:30  INFO 10736 --- [CommerceHub] [main] org.hibernate.orm.connections.pooling    : HHH10001005: Database info:
	Database JDBC URL [Connecting through datasource 'HikariDataSource (HikariPool-1)']
	Database driver: undefined/unknown
	Database version: 16.3
	Autocommit mode: undefined/unknown
	Isolation level: undefined/unknown
	Minimum pool size: undefined/unknown
	Maximum pool size: undefined/unknown
2025-04-27T00:39:06.144+05:30  INFO 10736 --- [CommerceHub] [main] o.h.e.t.j.p.i.JtaPlatformInitiator       : HHH000489: No JTA platform available (set 'hibernate.transaction.jta.platform' to enable JTA platform integration)
2025-04-27T00:39:06.302+05:30  INFO 10736 --- [CommerceHub] [main] j.LocalContainerEntityManagerFactoryBean : Initialized JPA EntityManagerFactory for persistence unit 'default'
2025-04-27T00:39:06.929+05:30  WARN 10736 --- [CommerceHub] [main] JpaBaseConfiguration$JpaWebConfiguration : spring.jpa.open-in-view is enabled by default. Therefore, database queries may be performed during view rendering. Explicitly configure spring.jpa.open-in-view to disable this warning
2025-04-27T00:39:07.275+05:30  INFO 10736 --- [CommerceHub] [main] eAuthenticationProviderManagerConfigurer : Global AuthenticationManager configured with AuthenticationProvider bean with name authenticationProvider
2025-04-27T00:39:07.276+05:30  WARN 10736 --- [CommerceHub] [main] r$InitializeUserDetailsManagerConfigurer : Global AuthenticationManager configured with an AuthenticationProvider bean. UserDetailsService beans will not be used by Spring Security for automatically configuring username/password login. Consider removing the AuthenticationProvider bean. Alternatively, consider using the UserDetailsService in a manually instantiated DaoAuthenticationProvider. If the current configuration is intentional, to turn off this warning, increase the logging level of 'org.springframework.security.config.annotation.authentication.configuration.InitializeUserDetailsBeanManagerConfigurer' to ERROR
2025-04-27T00:39:08.374+05:30  INFO 10736 --- [CommerceHub] [main] o.s.d.j.r.query.QueryEnhancerFactory     : Hibernate is in classpath; If applicable, HQL parser will be used.
2025-04-27T00:39:09.815+05:30 DEBUG 10736 --- [CommerceHub] [main] o.s.s.web.DefaultSecurityFilterChain     : Will secure any request with filters: DisableEncodeUrlFilter, WebAsyncManagerIntegrationFilter, SecurityContextHolderFilter, HeaderWriterFilter, LogoutFilter, CorsFilter, JwtAuthenticationFilter, RequestCacheAwareFilter, SecurityContextHolderAwareRequestFilter, AnonymousAuthenticationFilter, SessionManagementFilter, ExceptionTranslationFilter, AuthorizationFilter
2025-04-27T00:39:10.464+05:30  INFO 10736 --- [CommerceHub] [main] o.s.b.w.embedded.tomcat.TomcatWebServer  : Tomcat started on port 8092 (http) with context path '/'
2025-04-27T00:39:10.474+05:30  INFO 10736 --- [CommerceHub] [main] c.k.commercehub.CommerceHubApplication   : Started CommerceHubApplication in 11.521 seconds (process running for 12.197)
2025-04-27T00:39:16.202+05:30  INFO 10736 --- [CommerceHub] [http-nio-8092-exec-1] o.a.c.c.C.[Tomcat].[localhost].[/]       : Initializing Spring DispatcherServlet 'dispatcherServlet'
2025-04-27T00:39:16.202+05:30  INFO 10736 --- [CommerceHub] [http-nio-8092-exec-1] o.s.web.servlet.DispatcherServlet        : Initializing Servlet 'dispatcherServlet'
2025-04-27T00:39:16.206+05:30  INFO 10736 --- [CommerceHub] [http-nio-8092-exec-1] o.s.web.servlet.DispatcherServlet        : Completed initialization in 4 ms
2025-04-27T00:39:16.233+05:30 DEBUG 10736 --- [CommerceHub] [http-nio-8092-exec-1] o.s.security.web.FilterChainProxy        : Securing GET /swagger-ui/index.html
2025-04-27T00:39:16.242+05:30 DEBUG 10736 --- [CommerceHub] [http-nio-8092-exec-1] o.s.s.w.a.AnonymousAuthenticationFilter  : Set SecurityContextHolder to anonymous SecurityContext
2025-04-27T00:39:16.244+05:30 DEBUG 10736 --- [CommerceHub] [http-nio-8092-exec-1] o.s.security.web.FilterChainProxy        : Secured GET /swagger-ui/index.html
2025-04-27T00:39:16.434+05:30 DEBUG 10736 --- [CommerceHub] [http-nio-8092-exec-3] o.s.security.web.FilterChainProxy        : Securing GET /swagger-ui/swagger-ui.css
2025-04-27T00:39:16.435+05:30 DEBUG 10736 --- [CommerceHub] [http-nio-8092-exec-3] o.s.s.w.a.AnonymousAuthenticationFilter  : Set SecurityContextHolder to anonymous SecurityContext
2025-04-27T00:39:16.435+05:30 DEBUG 10736 --- [CommerceHub] [http-nio-8092-exec-2] o.s.security.web.FilterChainProxy        : Securing GET /swagger-ui/index.css
2025-04-27T00:39:16.435+05:30 DEBUG 10736 --- [CommerceHub] [http-nio-8092-exec-3] o.s.security.web.FilterChainProxy        : Secured GET /swagger-ui/swagger-ui.css
2025-04-27T00:39:16.435+05:30 DEBUG 10736 --- [CommerceHub] [http-nio-8092-exec-4] o.s.security.web.FilterChainProxy        : Securing GET /swagger-ui/swagger-ui-bundle.js
2025-04-27T00:39:16.436+05:30 DEBUG 10736 --- [CommerceHub] [http-nio-8092-exec-2] o.s.s.w.a.AnonymousAuthenticationFilter  : Set SecurityContextHolder to anonymous SecurityContext
2025-04-27T00:39:16.436+05:30 DEBUG 10736 --- [CommerceHub] [http-nio-8092-exec-4] o.s.s.w.a.AnonymousAuthenticationFilter  : Set SecurityContextHolder to anonymous SecurityContext
2025-04-27T00:39:16.436+05:30 DEBUG 10736 --- [CommerceHub] [http-nio-8092-exec-2] o.s.security.web.FilterChainProxy        : Secured GET /swagger-ui/index.css
2025-04-27T00:39:16.437+05:30 DEBUG 10736 --- [CommerceHub] [http-nio-8092-exec-4] o.s.security.web.FilterChainProxy        : Secured GET /swagger-ui/swagger-ui-bundle.js
2025-04-27T00:39:16.438+05:30 DEBUG 10736 --- [CommerceHub] [http-nio-8092-exec-5] o.s.security.web.FilterChainProxy        : Securing GET /swagger-ui/swagger-ui-standalone-preset.js
2025-04-27T00:39:16.438+05:30 DEBUG 10736 --- [CommerceHub] [http-nio-8092-exec-9] o.s.security.web.FilterChainProxy        : Securing GET /swagger-ui/swagger-initializer.js
2025-04-27T00:39:16.439+05:30 DEBUG 10736 --- [CommerceHub] [http-nio-8092-exec-5] o.s.s.w.a.AnonymousAuthenticationFilter  : Set SecurityContextHolder to anonymous SecurityContext
2025-04-27T00:39:16.439+05:30 DEBUG 10736 --- [CommerceHub] [http-nio-8092-exec-9] o.s.s.w.a.AnonymousAuthenticationFilter  : Set SecurityContextHolder to anonymous SecurityContext
2025-04-27T00:39:16.440+05:30 DEBUG 10736 --- [CommerceHub] [http-nio-8092-exec-5] o.s.security.web.FilterChainProxy        : Secured GET /swagger-ui/swagger-ui-standalone-preset.js
2025-04-27T00:39:16.440+05:30 DEBUG 10736 --- [CommerceHub] [http-nio-8092-exec-9] o.s.security.web.FilterChainProxy        : Secured GET /swagger-ui/swagger-initializer.js
2025-04-27T00:39:16.830+05:30 DEBUG 10736 --- [CommerceHub] [http-nio-8092-exec-10] o.s.security.web.FilterChainProxy        : Securing GET /v3/api-docs/swagger-config
2025-04-27T00:39:16.831+05:30 DEBUG 10736 --- [CommerceHub] [http-nio-8092-exec-10] o.s.s.w.a.AnonymousAuthenticationFilter  : Set SecurityContextHolder to anonymous SecurityContext
2025-04-27T00:39:16.831+05:30 DEBUG 10736 --- [CommerceHub] [http-nio-8092-exec-10] o.s.security.web.FilterChainProxy        : Secured GET /v3/api-docs/swagger-config
2025-04-27T00:39:16.833+05:30 DEBUG 10736 --- [CommerceHub] [http-nio-8092-exec-8] o.s.security.web.FilterChainProxy        : Securing GET /swagger-ui/favicon-32x32.png
2025-04-27T00:39:16.835+05:30 DEBUG 10736 --- [CommerceHub] [http-nio-8092-exec-8] o.s.s.w.a.AnonymousAuthenticationFilter  : Set SecurityContextHolder to anonymous SecurityContext
2025-04-27T00:39:16.835+05:30 DEBUG 10736 --- [CommerceHub] [http-nio-8092-exec-8] o.s.security.web.FilterChainProxy        : Secured GET /swagger-ui/favicon-32x32.png
2025-04-27T00:39:16.881+05:30 DEBUG 10736 --- [CommerceHub] [http-nio-8092-exec-6] o.s.security.web.FilterChainProxy        : Securing GET /v3/api-docs
2025-04-27T00:39:16.881+05:30 DEBUG 10736 --- [CommerceHub] [http-nio-8092-exec-6] o.s.s.w.a.AnonymousAuthenticationFilter  : Set SecurityContextHolder to anonymous SecurityContext
2025-04-27T00:39:16.882+05:30 DEBUG 10736 --- [CommerceHub] [http-nio-8092-exec-6] o.s.security.web.FilterChainProxy        : Secured GET /v3/api-docs
2025-04-27T00:39:17.709+05:30  INFO 10736 --- [CommerceHub] [http-nio-8092-exec-6] o.springdoc.api.AbstractOpenApiResource  : Init duration for springdoc-openapi is: 807 ms
2025-04-27T01:15:33.656+05:30  INFO 10736 --- [CommerceHub] [SpringApplicationShutdownHook] o.s.b.w.e.tomcat.GracefulShutdown        : Commencing graceful shutdown. Waiting for active requests to complete
2025-04-27T01:15:33.729+05:30  INFO 10736 --- [CommerceHub] [tomcat-shutdown] o.s.b.w.e.tomcat.GracefulShutdown        : Graceful shutdown complete
2025-04-27T01:15:34.247+05:30  INFO 10736 --- [CommerceHub] [SpringApplicationShutdownHook] j.LocalContainerEntityManagerFactoryBean : Closing JPA EntityManagerFactory for persistence unit 'default'
2025-04-27T01:15:34.300+05:30  INFO 10736 --- [CommerceHub] [SpringApplicationShutdownHook] com.zaxxer.hikari.HikariDataSource       : HikariPool-1 - Shutdown initiated...
2025-04-27T01:15:34.324+05:30  INFO 10736 --- [CommerceHub] [SpringApplicationShutdownHook] com.zaxxer.hikari.HikariDataSource       : HikariPool-1 - Shutdown completed.
